Release 14.7 - xst P.20131013 (nt64)
Copyright (c) 1995-2013 Xilinx, Inc.  All rights reserved.
--> Parameter TMPDIR set to xst/projnav.tmp


Total REAL time to Xst completion: 0.00 secs
Total CPU time to Xst completion: 0.08 secs
 
--> Parameter xsthdpdir set to xst


Total REAL time to Xst completion: 0.00 secs
Total CPU time to Xst completion: 0.08 secs
 
--> Reading design: FanSpeed.prj

TABLE OF CONTENTS
  1) Synthesis Options Summary
  2) HDL Parsing
  3) HDL Elaboration
  4) HDL Synthesis
       4.1) HDL Synthesis Report
  5) Advanced HDL Synthesis
       5.1) Advanced HDL Synthesis Report
  6) Low Level Synthesis
  7) Partition Report
  8) Design Summary
       8.1) Primitive and Black Box Usage
       8.2) Device utilization summary
       8.3) Partition Resource Summary
       8.4) Timing Report
            8.4.1) Clock Information
            8.4.2) Asynchronous Control Signals Information
            8.4.3) Timing Summary
            8.4.4) Timing Details
            8.4.5) Cross Clock Domains Report


=========================================================================
*                      Synthesis Options Summary                        *
=========================================================================
---- Source Parameters
Input File Name                    : "FanSpeed.prj"
Ignore Synthesis Constraint File   : NO

---- Target Parameters
Output File Name                   : "FanSpeed"
Output Format                      : NGC
Target Device                      : xc7z010-1-clg400

---- Source Options
Top Module Name                    : FanSpeed
Automatic FSM Extraction           : YES
FSM Encoding Algorithm             : Auto
Safe Implementation                : No
FSM Style                          : LUT
RAM Extraction                     : Yes
RAM Style                          : Auto
ROM Extraction                     : Yes
Shift Register Extraction          : YES
ROM Style                          : Auto
Resource Sharing                   : YES
Asynchronous To Synchronous        : NO
Shift Register Minimum Size        : 2
Use DSP Block                      : Auto
Automatic Register Balancing       : No

---- Target Options
LUT Combining                      : Auto
Reduce Control Sets                : Auto
Add IO Buffers                     : YES
Global Maximum Fanout              : 100000
Add Generic Clock Buffer(BUFG)     : 32
Register Duplication               : YES
Optimize Instantiated Primitives   : NO
Use Clock Enable                   : Auto
Use Synchronous Set                : Auto
Use Synchronous Reset              : Auto
Pack IO Registers into IOBs        : Auto
Equivalent register Removal        : YES

---- General Options
Optimization Goal                  : Speed
Optimization Effort                : 1
Power Reduction                    : NO
Keep Hierarchy                     : No
Netlist Hierarchy                  : As_Optimized
RTL Output                         : Yes
Global Optimization                : AllClockNets
Read Cores                         : YES
Write Timing Constraints           : NO
Cross Clock Analysis               : NO
Hierarchy Separator                : /
Bus Delimiter                      : <>
Case Specifier                     : Maintain
Slice Utilization Ratio            : 100
BRAM Utilization Ratio             : 100
DSP48 Utilization Ratio            : 100
Auto BRAM Packing                  : NO
Slice Utilization Ratio Delta      : 5

=========================================================================


=========================================================================
*                          HDL Parsing                                  *
=========================================================================
Analyzing Verilog file "C:\Users\venus\Desktop\uni2\3rd_SEMESTER\madar mantegh\FinalProject\Module3\FanSpeed.v" into library work
Parsing module <FanSpeed>.

=========================================================================
*                            HDL Elaboration                            *
=========================================================================

Elaborating module <FanSpeed>.

=========================================================================
*                           HDL Synthesis                               *
=========================================================================

Synthesizing Unit <FanSpeed>.
    Related source file is "C:\Users\venus\Desktop\uni2\3rd_SEMESTER\madar mantegh\FinalProject\Module3\FanSpeed.v".
    Found 1-bit register for signal <pwm_data>.
    Found 9-bit register for signal <count>.
    Found 9-bit adder for signal <count[8]_GND_1_o_add_3_OUT> created at line 46.
    Found 9-bit comparator greater for signal <count[8]_GND_1_o_LessThan_3_o> created at line 42
    Summary:
	inferred   1 Adder/Subtractor(s).
	inferred  10 D-type flip-flop(s).
	inferred   1 Comparator(s).
	inferred   1 Multiplexer(s).
Unit <FanSpeed> synthesized.

=========================================================================
HDL Synthesis Report

Macro Statistics
# Adders/Subtractors                                   : 1
 9-bit adder                                           : 1
# Registers                                            : 2
 1-bit register                                        : 1
 9-bit register                                        : 1
# Comparators                                          : 1
 9-bit comparator greater                              : 1
# Multiplexers                                         : 1
 9-bit 2-to-1 multiplexer                              : 1

=========================================================================

=========================================================================
*                       Advanced HDL Synthesis                          *
=========================================================================


Synthesizing (advanced) Unit <FanSpeed>.
The following registers are absorbed into counter <count>: 1 register on signal <count>.
Unit <FanSpeed> synthesized (advanced).

=========================================================================
Advanced HDL Synthesis Report

Macro Statistics
# Counters                                             : 1
 9-bit up counter                                      : 1
# Registers                                            : 1
 Flip-Flops                                            : 1
# Comparators                                          : 1
 9-bit comparator greater                              : 1
# Multiplexers                                         : 1
 9-bit 2-to-1 multiplexer                              : 1

=========================================================================

=========================================================================
*                         Low Level Synthesis                           *
=========================================================================

Optimizing unit <FanSpeed> ...

Mapping all equations...
Building and optimizing final netlist ...
Found area constraint ratio of 100 (+ 5) on block FanSpeed, actual ratio is 0.

Final Macro Processing ...

=========================================================================
Final Register Report

Macro Statistics
# Registers                                            : 10
 Flip-Flops                                            : 10

=========================================================================

=========================================================================
*                           Partition Report                            *
=========================================================================

Partition Implementation Status
-------------------------------

  No Partitions were found in this design.

-------------------------------

=========================================================================
*                            Design Summary                             *
=========================================================================

Top Level Output File Name         : FanSpeed.ngc

Primitive and Black Box Usage:
------------------------------
# BELS                             : 35
#      GND                         : 1
#      LUT1                        : 7
#      LUT4                        : 2
#      LUT6                        : 8
#      MUXCY                       : 8
#      XORCY                       : 9
# FlipFlops/Latches                : 10
#      FDC                         : 10
# Clock Buffers                    : 1
#      BUFGP                       : 1
# IO Buffers                       : 10
#      IBUF                        : 9
#      OBUF                        : 1

Device utilization summary:
---------------------------

Selected Device : 7z010clg400-1 


Slice Logic Utilization: 
 Number of Slice Registers:              10  out of  35200     0%  
 Number of Slice LUTs:                   17  out of  17600     0%  
    Number used as Logic:                17  out of  17600     0%  

Slice Logic Distribution: 
 Number of LUT Flip Flop pairs used:     17
   Number with an unused Flip Flop:       7  out of     17    41%  
   Number with an unused LUT:             0  out of     17     0%  
   Number of fully used LUT-FF pairs:    10  out of     17    58%  
   Number of unique control sets:         1

IO Utilization: 
 Number of IOs:                          11
 Number of bonded IOBs:                  11  out of    100    11%  

Specific Feature Utilization:
 Number of BUFG/BUFGCTRLs:                1  out of     32     3%  

---------------------------
Partition Resource Summary:
---------------------------

  No Partitions were found in this design.

---------------------------


=========================================================================
Timing Report

NOTE: THESE TIMING NUMBERS ARE ONLY A SYNTHESIS ESTIMATE.
      FOR ACCURATE TIMING INFORMATION PLEASE REFER TO THE TRACE REPORT
      GENERATED AFTER PLACE-and-ROUTE.

Clock Information:
------------------
-----------------------------------+------------------------+-------+
Clock Signal                       | Clock buffer(FF name)  | Load  |
-----------------------------------+------------------------+-------+
clk                                | BUFGP                  | 10    |
-----------------------------------+------------------------+-------+

Asynchronous Control Signals Information:
----------------------------------------
No asynchronous control signals found in this design

Timing Summary:
---------------
Speed Grade: -1

   Minimum period: 2.326ns (Maximum Frequency: 429.923MHz)
   Minimum input arrival time before clock: 1.813ns
   Maximum output required time after clock: 0.681ns
   Maximum combinational path delay: No path found

Timing Details:
---------------
All values displayed in nanoseconds (ns)

=========================================================================
Timing constraint: Default period analysis for Clock 'clk'
  Clock period: 2.326ns (frequency: 429.923MHz)
  Total number of paths / destination ports: 227 / 10
-------------------------------------------------------------------------
Delay:               2.326ns (Levels of Logic = 11)
  Source:            count_5 (FF)
  Destination:       count_8 (FF)
  Source Clock:      clk rising
  Destination Clock: clk rising

  Data Path: count_5 to count_8
                                Gate     Net
    Cell:in->out      fanout   Delay   Delay  Logical Name (Net Name)
    ----------------------------------------  ------------
     FDC:C->Q              4   0.282   0.655  count_5 (count_5)
     LUT4:I0->O            4   0.053   0.433  count[8]_PWR_1_o_equal_1_o<8>_SW0 (N01)
     LUT6:I5->O            1   0.053   0.399  count[8]_PWR_1_o_equal_1_o_inv1 (count[8]_PWR_1_o_equal_1_o_inv)
     MUXCY:CI->O           1   0.015   0.000  Mcount_count_cy<0> (Mcount_count_cy<0>)
     MUXCY:CI->O           1   0.015   0.000  Mcount_count_cy<1> (Mcount_count_cy<1>)
     MUXCY:CI->O           1   0.015   0.000  Mcount_count_cy<2> (Mcount_count_cy<2>)
     MUXCY:CI->O           1   0.015   0.000  Mcount_count_cy<3> (Mcount_count_cy<3>)
     MUXCY:CI->O           1   0.015   0.000  Mcount_count_cy<4> (Mcount_count_cy<4>)
     MUXCY:CI->O           1   0.015   0.000  Mcount_count_cy<5> (Mcount_count_cy<5>)
     MUXCY:CI->O           1   0.015   0.000  Mcount_count_cy<6> (Mcount_count_cy<6>)
     MUXCY:CI->O           0   0.015   0.000  Mcount_count_cy<7> (Mcount_count_cy<7>)
     XORCY:CI->O           1   0.320   0.000  Mcount_count_xor<8> (Mcount_count8)
     FDC:D                     0.011          count_8
    ----------------------------------------
    Total                      2.326ns (0.839ns logic, 1.487ns route)
                                       (36.1% logic, 63.9% route)

=========================================================================
Timing constraint: Default OFFSET IN BEFORE for Clock 'clk'
  Total number of paths / destination ports: 21 / 11
-------------------------------------------------------------------------
Offset:              1.813ns (Levels of Logic = 4)
  Source:            speed<6> (PAD)
  Destination:       pwm_data (FF)
  Destination Clock: clk rising

  Data Path: speed<6> to pwm_data
                                Gate     Net
    Cell:in->out      fanout   Delay   Delay  Logical Name (Net Name)
    ----------------------------------------  ------------
     IBUF:I->O             2   0.000   0.745  speed_6_IBUF (speed_6_IBUF)
     LUT6:I0->O            1   0.053   0.413  count[8]_GND_1_o_LessThan_3_o22 (count[8]_GND_1_o_LessThan_3_o21)
     LUT6:I5->O            1   0.053   0.485  count[8]_GND_1_o_LessThan_3_o24 (count[8]_GND_1_o_LessThan_3_o23)
     LUT6:I4->O            1   0.053   0.000  count[8]_GND_1_o_LessThan_3_o25 (count[8]_GND_1_o_LessThan_3_o)
     FDC:D                     0.011          pwm_data
    ----------------------------------------
    Total                      1.813ns (0.170ns logic, 1.643ns route)
                                       (9.4% logic, 90.6% route)

=========================================================================
Timing constraint: Default OFFSET OUT AFTER for Clock 'clk'
  Total number of paths / destination ports: 1 / 1
-------------------------------------------------------------------------
Offset:              0.681ns (Levels of Logic = 1)
  Source:            pwm_data (FF)
  Destination:       pwm_data (PAD)
  Source Clock:      clk rising

  Data Path: pwm_data to pwm_data
                                Gate     Net
    Cell:in->out      fanout   Delay   Delay  Logical Name (Net Name)
    ----------------------------------------  ------------
     FDC:C->Q              1   0.282   0.399  pwm_data (pwm_data_OBUF)
     OBUF:I->O                 0.000          pwm_data_OBUF (pwm_data)
    ----------------------------------------
    Total                      0.681ns (0.282ns logic, 0.399ns route)
                                       (41.4% logic, 58.6% route)

=========================================================================

Cross Clock Domains Report:
--------------------------

Clock to Setup on destination clock clk
---------------+---------+---------+---------+---------+
               | Src:Rise| Src:Fall| Src:Rise| Src:Fall|
Source Clock   |Dest:Rise|Dest:Rise|Dest:Fall|Dest:Fall|
---------------+---------+---------+---------+---------+
clk            |    2.326|         |         |         |
---------------+---------+---------+---------+---------+

=========================================================================


Total REAL time to Xst completion: 6.00 secs
Total CPU time to Xst completion: 5.93 secs
 
--> 

Total memory usage is 4707364 kilobytes

Number of errors   :    0 (   0 filtered)
Number of warnings :    0 (   0 filtered)
Number of infos    :    0 (   0 filtered)

