Running: C:\Xilinx\14.7\ISE_DS\ISE\bin\nt64\unwrapped\fuse.exe -intstyle ise -incremental -lib unisims_ver -lib unimacro_ver -lib xilinxcorelib_ver -lib secureip -o C:/Users/venus/Desktop/uni2/3rd_SEMESTER/madar mantegh/FinalProject/Module4/LightingSystem_TESTBENCH_isim_beh.exe -prj C:/Users/venus/Desktop/uni2/3rd_SEMESTER/madar mantegh/FinalProject/Module4/LightingSystem_TESTBENCH_beh.prj work.LightingSystem_TESTBENCH work.glbl 
ISim P.20131013 (signature 0x7708f090)
Number of CPUs detected in this system: 8
Turning on mult-threading, number of parallel sub-compilation jobs: 16 
Determining compilation order of HDL files
Analyzing Verilog file "C:/Users/venus/Desktop/uni2/3rd_SEMESTER/madar mantegh/FinalProject/Module4/WindowShadeDegree.v" into library work
Analyzing Verilog file "C:/Users/venus/Desktop/uni2/3rd_SEMESTER/madar mantegh/FinalProject/Module4/LampState.v" into library work
Analyzing Verilog file "C:/Users/venus/Desktop/uni2/3rd_SEMESTER/madar mantegh/FinalProject/Module4/ActiveLamps.v" into library work
Analyzing Verilog file "C:/Users/venus/Desktop/uni2/3rd_SEMESTER/madar mantegh/FinalProject/Module4/LightingSystem.v" into library work
Analyzing Verilog file "C:/Users/venus/Desktop/uni2/3rd_SEMESTER/madar mantegh/FinalProject/Module4/LightingSystem_TESTBENCH.v" into library work
Analyzing Verilog file "C:/Xilinx/14.7/ISE_DS/ISE//verilog/src/glbl.v" into library work
Starting static elaboration
Completed static elaboration
Compiling module WindowShadeDegree
Compiling module LampState
Compiling module ActiveLamps
Compiling module LightingSystem
Compiling module LightingSystem_TESTBENCH
Compiling module glbl
Time Resolution for simulation is 1ps.
Waiting for 1 sub-compilation(s) to finish...
Compiled 6 Verilog Units
Built simulation executable C:/Users/venus/Desktop/uni2/3rd_SEMESTER/madar mantegh/FinalProject/Module4/LightingSystem_TESTBENCH_isim_beh.exe
Fuse Memory Usage: 28980 KB
Fuse CPU Usage: 406 ms
