Release 14.7 - xst P.20131013 (nt64)
Copyright (c) 1995-2013 Xilinx, Inc.  All rights reserved.
--> Parameter TMPDIR set to xst/projnav.tmp


Total REAL time to Xst completion: 1.00 secs
Total CPU time to Xst completion: 0.22 secs
 
--> Parameter xsthdpdir set to xst


Total REAL time to Xst completion: 1.00 secs
Total CPU time to Xst completion: 0.23 secs
 
--> Reading design: LightingSystem.prj

TABLE OF CONTENTS
  1) Synthesis Options Summary
  2) HDL Parsing
  3) HDL Elaboration
  4) HDL Synthesis
       4.1) HDL Synthesis Report
  5) Advanced HDL Synthesis
       5.1) Advanced HDL Synthesis Report
  6) Low Level Synthesis
  7) Partition Report
  8) Design Summary
       8.1) Primitive and Black Box Usage
       8.2) Device utilization summary
       8.3) Partition Resource Summary
       8.4) Timing Report
            8.4.1) Clock Information
            8.4.2) Asynchronous Control Signals Information
            8.4.3) Timing Summary
            8.4.4) Timing Details
            8.4.5) Cross Clock Domains Report


=========================================================================
*                      Synthesis Options Summary                        *
=========================================================================
---- Source Parameters
Input File Name                    : "LightingSystem.prj"
Ignore Synthesis Constraint File   : NO

---- Target Parameters
Output File Name                   : "LightingSystem"
Output Format                      : NGC
Target Device                      : xc7z010-1-clg400

---- Source Options
Top Module Name                    : LightingSystem
Automatic FSM Extraction           : YES
FSM Encoding Algorithm             : Auto
Safe Implementation                : No
FSM Style                          : LUT
RAM Extraction                     : Yes
RAM Style                          : Auto
ROM Extraction                     : Yes
Shift Register Extraction          : YES
ROM Style                          : Auto
Resource Sharing                   : YES
Asynchronous To Synchronous        : NO
Shift Register Minimum Size        : 2
Use DSP Block                      : Auto
Automatic Register Balancing       : No

---- Target Options
LUT Combining                      : Auto
Reduce Control Sets                : Auto
Add IO Buffers                     : YES
Global Maximum Fanout              : 100000
Add Generic Clock Buffer(BUFG)     : 32
Register Duplication               : YES
Optimize Instantiated Primitives   : NO
Use Clock Enable                   : Auto
Use Synchronous Set                : Auto
Use Synchronous Reset              : Auto
Pack IO Registers into IOBs        : Auto
Equivalent register Removal        : YES

---- General Options
Optimization Goal                  : Speed
Optimization Effort                : 1
Power Reduction                    : NO
Keep Hierarchy                     : No
Netlist Hierarchy                  : As_Optimized
RTL Output                         : Yes
Global Optimization                : AllClockNets
Read Cores                         : YES
Write Timing Constraints           : NO
Cross Clock Analysis               : NO
Hierarchy Separator                : /
Bus Delimiter                      : <>
Case Specifier                     : Maintain
Slice Utilization Ratio            : 100
BRAM Utilization Ratio             : 100
DSP48 Utilization Ratio            : 100
Auto BRAM Packing                  : NO
Slice Utilization Ratio Delta      : 5

=========================================================================


=========================================================================
*                          HDL Parsing                                  *
=========================================================================
Analyzing Verilog file "C:\Users\venus\Desktop\uni2\3rd_SEMESTER\madar mantegh\FinalProject\Module4\WindowShadeDegree.v" into library work
Parsing module <WindowShadeDegree>.
Analyzing Verilog file "C:\Users\venus\Desktop\uni2\3rd_SEMESTER\madar mantegh\FinalProject\Module4\LampState.v" into library work
Parsing module <LampState>.
Analyzing Verilog file "C:\Users\venus\Desktop\uni2\3rd_SEMESTER\madar mantegh\FinalProject\Module4\ActiveLamps.v" into library work
Parsing module <ActiveLamps>.
Analyzing Verilog file "C:\Users\venus\Desktop\uni2\3rd_SEMESTER\madar mantegh\FinalProject\Module4\LightingSystem.v" into library work
Parsing module <LightingSystem>.

=========================================================================
*                            HDL Elaboration                            *
=========================================================================

Elaborating module <LightingSystem>.

Elaborating module <WindowShadeDegree>.

Elaborating module <LampState>.

Elaborating module <ActiveLamps>.

=========================================================================
*                           HDL Synthesis                               *
=========================================================================

Synthesizing Unit <LightingSystem>.
    Related source file is "C:\Users\venus\Desktop\uni2\3rd_SEMESTER\madar mantegh\FinalProject\Module4\LightingSystem.v".
    Summary:
	no macro.
Unit <LightingSystem> synthesized.

Synthesizing Unit <WindowShadeDegree>.
    Related source file is "C:\Users\venus\Desktop\uni2\3rd_SEMESTER\madar mantegh\FinalProject\Module4\WindowShadeDegree.v".
        s0 = 4'b0001
        s1 = 4'b0010
        s2 = 4'b0100
        s3 = 4'b1000
        s4 = 4'b0000
WARNING:Xst:737 - Found 1-bit latch for signal <wshade<2>>. Latches may be generated from incomplete case or if statements. We do not recommend the use of latches in FPGA/CPLD designs, as they may lead to timing problems.
WARNING:Xst:737 - Found 1-bit latch for signal <wshade<1>>. Latches may be generated from incomplete case or if statements. We do not recommend the use of latches in FPGA/CPLD designs, as they may lead to timing problems.
WARNING:Xst:737 - Found 1-bit latch for signal <wshade<0>>. Latches may be generated from incomplete case or if statements. We do not recommend the use of latches in FPGA/CPLD designs, as they may lead to timing problems.
WARNING:Xst:737 - Found 1-bit latch for signal <wshade<3>>. Latches may be generated from incomplete case or if statements. We do not recommend the use of latches in FPGA/CPLD designs, as they may lead to timing problems.
    Summary:
	inferred   4 Latch(s).
Unit <WindowShadeDegree> synthesized.

Synthesizing Unit <LampState>.
    Related source file is "C:\Users\venus\Desktop\uni2\3rd_SEMESTER\madar mantegh\FinalProject\Module4\LampState.v".
    Found 3-bit adder for signal <n0048[2:0]> created at line 42.
    Found 4-bit adder for signal <n0051[3:0]> created at line 42.
    Found 5-bit adder for signal <n0023> created at line 42.
    Found 5-bit comparator greater for signal <lights_state<0>> created at line 27
    Found 5-bit comparator greater for signal <lights_state<1>> created at line 28
    Found 5-bit comparator greater for signal <lights_state<2>> created at line 29
    Found 5-bit comparator greater for signal <lights_state<3>> created at line 30
    Found 5-bit comparator greater for signal <lights_state<4>> created at line 31
    Found 5-bit comparator greater for signal <lights_state<5>> created at line 32
    Found 5-bit comparator greater for signal <lights_state<6>> created at line 33
    Found 5-bit comparator greater for signal <lights_state<7>> created at line 34
    Found 5-bit comparator greater for signal <lights_state<8>> created at line 35
    Found 5-bit comparator greater for signal <lights_state<9>> created at line 36
    Found 5-bit comparator greater for signal <lights_state<10>> created at line 37
    Found 5-bit comparator greater for signal <lights_state<11>> created at line 38
    Found 5-bit comparator greater for signal <lights_state<12>> created at line 39
    Found 5-bit comparator greater for signal <lights_state<13>> created at line 40
    Found 5-bit comparator greater for signal <lights_state<14>> created at line 41
    Found 5-bit comparator greater for signal <lights_state<15>> created at line 42
    Summary:
	inferred   3 Adder/Subtractor(s).
	inferred  16 Comparator(s).
Unit <LampState> synthesized.

Synthesizing Unit <ActiveLamps>.
    Related source file is "C:\Users\venus\Desktop\uni2\3rd_SEMESTER\madar mantegh\FinalProject\Module4\ActiveLamps.v".
        s0 = 4'b0001
        s1 = 4'b0010
        s2 = 4'b0100
        s3 = 4'b1000
        s4 = 4'b0000
WARNING:Xst:647 - Input <lenght<1:0>> is never used. This port will be preserved and left unconnected if it belongs to a top-level block or it belongs to a sub-block and the hierarchy of this sub-block is preserved.
WARNING:Xst:737 - Found 1-bit latch for signal <active_lights<2>>. Latches may be generated from incomplete case or if statements. We do not recommend the use of latches in FPGA/CPLD designs, as they may lead to timing problems.
WARNING:Xst:737 - Found 1-bit latch for signal <active_lights<1>>. Latches may be generated from incomplete case or if statements. We do not recommend the use of latches in FPGA/CPLD designs, as they may lead to timing problems.
WARNING:Xst:737 - Found 1-bit latch for signal <active_lights<0>>. Latches may be generated from incomplete case or if statements. We do not recommend the use of latches in FPGA/CPLD designs, as they may lead to timing problems.
WARNING:Xst:737 - Found 1-bit latch for signal <active_lights<3>>. Latches may be generated from incomplete case or if statements. We do not recommend the use of latches in FPGA/CPLD designs, as they may lead to timing problems.
    Summary:
	inferred   4 Latch(s).
Unit <ActiveLamps> synthesized.

=========================================================================
HDL Synthesis Report

Macro Statistics
# Adders/Subtractors                                   : 3
 3-bit adder                                           : 1
 4-bit adder                                           : 1
 5-bit adder                                           : 1
# Latches                                              : 8
 1-bit latch                                           : 8
# Comparators                                          : 16
 5-bit comparator greater                              : 16

=========================================================================

=========================================================================
*                       Advanced HDL Synthesis                          *
=========================================================================


=========================================================================
Advanced HDL Synthesis Report

Macro Statistics
# Adders/Subtractors                                   : 2
 4-bit adder carry in                                  : 1
 5-bit adder                                           : 1
# Comparators                                          : 16
 5-bit comparator greater                              : 16

=========================================================================

=========================================================================
*                         Low Level Synthesis                           *
=========================================================================

Optimizing unit <LightingSystem> ...

Optimizing unit <WindowShadeDegree> ...

Optimizing unit <ActiveLamps> ...

Mapping all equations...
Building and optimizing final netlist ...
Found area constraint ratio of 100 (+ 5) on block LightingSystem, actual ratio is 0.
Latch activateLamps/active_lights_3 has been replicated 2 time(s) to handle iob=true attribute.
Latch activateLamps/active_lights_2 has been replicated 1 time(s) to handle iob=true attribute.
Latch activateLamps/active_lights_1 has been replicated 1 time(s) to handle iob=true attribute.
Latch activateLamps/active_lights_0 has been replicated 1 time(s) to handle iob=true attribute.

Final Macro Processing ...

=========================================================================
Final Register Report

Found no macro
=========================================================================

=========================================================================
*                           Partition Report                            *
=========================================================================

Partition Implementation Status
-------------------------------

  No Partitions were found in this design.

-------------------------------

=========================================================================
*                            Design Summary                             *
=========================================================================

Top Level Output File Name         : LightingSystem.ngc

Primitive and Black Box Usage:
------------------------------
# BELS                             : 24
#      GND                         : 1
#      LUT2                        : 2
#      LUT3                        : 4
#      LUT4                        : 9
#      LUT5                        : 6
#      LUT6                        : 2
# FlipFlops/Latches                : 13
#      LD                          : 13
# IO Buffers                       : 34
#      IBUF                        : 10
#      OBUF                        : 24

Device utilization summary:
---------------------------

Selected Device : 7z010clg400-1 


Slice Logic Utilization: 
 Number of Slice Registers:               4  out of  35200     0%  
 Number of Slice LUTs:                   23  out of  17600     0%  
    Number used as Logic:                23  out of  17600     0%  

Slice Logic Distribution: 
 Number of LUT Flip Flop pairs used:     23
   Number with an unused Flip Flop:      19  out of     23    82%  
   Number with an unused LUT:             0  out of     23     0%  
   Number of fully used LUT-FF pairs:     4  out of     23    17%  
   Number of unique control sets:         1

IO Utilization: 
 Number of IOs:                          36
 Number of bonded IOBs:                  34  out of    100    34%  
    IOB Flip Flops/Latches:               9

Specific Feature Utilization:

---------------------------
Partition Resource Summary:
---------------------------

  No Partitions were found in this design.

---------------------------


=========================================================================
Timing Report

NOTE: THESE TIMING NUMBERS ARE ONLY A SYNTHESIS ESTIMATE.
      FOR ACCURATE TIMING INFORMATION PLEASE REFER TO THE TRACE REPORT
      GENERATED AFTER PLACE-and-ROUTE.

Clock Information:
------------------
--------------------------------------+------------------------------+-------+
Clock Signal                          | Clock buffer(FF name)        | Load  |
--------------------------------------+------------------------------+-------+
windowShade/_n0018(windowShade/out1:O)| NONE(*)(windowShade/wshade_3)| 13    |
--------------------------------------+------------------------------+-------+
(*) This 1 clock signal(s) are generated by combinatorial logic,
and XST is not able to identify which are the primary clock signals.
Please use the CLOCK_SIGNAL constraint to specify the clock signal(s) generated by combinatorial logic.
INFO:Xst:2169 - HDL ADVISOR - Some clock signals were not automatically buffered by XST with BUFG/BUFR resources. Please use the buffer_type constraint in order to insert these buffers to the clock signals to help prevent skew problems.

Asynchronous Control Signals Information:
----------------------------------------
No asynchronous control signals found in this design

Timing Summary:
---------------
Speed Grade: -1

   Minimum period: No path found
   Minimum input arrival time before clock: 0.845ns
   Maximum output required time after clock: 1.561ns
   Maximum combinational path delay: No path found

Timing Details:
---------------
All values displayed in nanoseconds (ns)

=========================================================================
Timing constraint: Default OFFSET IN BEFORE for Clock 'windowShade/_n0018'
  Total number of paths / destination ports: 69 / 13
-------------------------------------------------------------------------
Offset:              0.845ns (Levels of Logic = 2)
  Source:            tcode<0> (PAD)
  Destination:       activateLamps/active_lights_0 (LATCH)
  Destination Clock: windowShade/_n0018 falling

  Data Path: tcode<0> to activateLamps/active_lights_0
                                Gate     Net
    Cell:in->out      fanout   Delay   Delay  Logical Name (Net Name)
    ----------------------------------------  ------------
     IBUF:I->O             9   0.000   0.792  tcode_0_IBUF (tcode_0_IBUF)
     LUT6:I0->O            2   0.053   0.000  activateLamps/tcode[3]_GND_8_o_select_6_OUT<1>1 (activateLamps/tcode[3]_GND_8_o_select_6_OUT<1>)
     LD:D                     -0.021          activateLamps/active_lights_1
    ----------------------------------------
    Total                      0.845ns (0.053ns logic, 0.792ns route)
                                       (6.3% logic, 93.7% route)

=========================================================================
Timing constraint: Default OFFSET OUT AFTER for Clock 'windowShade/_n0018'
  Total number of paths / destination ports: 57 / 23
-------------------------------------------------------------------------
Offset:              1.561ns (Levels of Logic = 2)
  Source:            activateLamps/active_lights_2 (LATCH)
  Destination:       lightstate<12> (PAD)
  Source Clock:      windowShade/_n0018 falling

  Data Path: activateLamps/active_lights_2 to lightstate<12>
                                Gate     Net
    Cell:in->out      fanout   Delay   Delay  Logical Name (Net Name)
    ----------------------------------------  ------------
     LD:G->Q              14   0.389   0.720  activateLamps/active_lights_2 (activateLamps/active_lights_2)
     LUT4:I0->O            1   0.053   0.399  lampStates/lights_state<12>1 (lightstate_12_OBUF)
     OBUF:I->O                 0.000          lightstate_12_OBUF (lightstate<12>)
    ----------------------------------------
    Total                      1.561ns (0.442ns logic, 1.119ns route)
                                       (28.3% logic, 71.7% route)

=========================================================================

Cross Clock Domains Report:
--------------------------

=========================================================================


Total REAL time to Xst completion: 15.00 secs
Total CPU time to Xst completion: 14.04 secs
 
--> 

Total memory usage is 4695332 kilobytes

Number of errors   :    0 (   0 filtered)
Number of warnings :    9 (   0 filtered)
Number of infos    :    1 (   0 filtered)

