Running: C:\Xilinx\14.7\ISE_DS\ISE\bin\nt64\unwrapped\fuse.exe -intstyle ise -incremental -lib unisims_ver -lib unimacro_ver -lib xilinxcorelib_ver -lib secureip -o C:/Users/venus/Desktop/uni2/3rd_SEMESTER/madar mantegh/FinalProject/Module5/tb_LightDance_isim_beh.exe -prj C:/Users/venus/Desktop/uni2/3rd_SEMESTER/madar mantegh/FinalProject/Module5/tb_LightDance_beh.prj work.tb_LightDance work.glbl 
ISim P.20131013 (signature 0x7708f090)
Number of CPUs detected in this system: 8
Turning on mult-threading, number of parallel sub-compilation jobs: 16 
Determining compilation order of HDL files
Analyzing Verilog file "C:/Users/venus/Desktop/uni2/3rd_SEMESTER/madar mantegh/FinalProject/Module5/DFlop.v" into library work
Analyzing Verilog file "C:/Users/venus/Desktop/uni2/3rd_SEMESTER/madar mantegh/FinalProject/Module5/LightDance.v" into library work
Analyzing Verilog file "C:/Users/venus/Desktop/uni2/3rd_SEMESTER/madar mantegh/FinalProject/Module5/tb_LightDance.v" into library work
Analyzing Verilog file "C:/Xilinx/14.7/ISE_DS/ISE//verilog/src/glbl.v" into library work
Starting static elaboration
Completed static elaboration
Compiling module DFlop
Compiling module LightDance
Compiling module tb_LightDance
Compiling module glbl
Time Resolution for simulation is 1ps.
Compiled 4 Verilog Units
Built simulation executable C:/Users/venus/Desktop/uni2/3rd_SEMESTER/madar mantegh/FinalProject/Module5/tb_LightDance_isim_beh.exe
Fuse Memory Usage: 28536 KB
Fuse CPU Usage: 343 ms
