Release 14.7 - xst P.20131013 (nt64)
Copyright (c) 1995-2013 Xilinx, Inc.  All rights reserved.
--> Parameter TMPDIR set to xst/projnav.tmp


Total REAL time to Xst completion: 0.00 secs
Total CPU time to Xst completion: 0.10 secs
 
--> Parameter xsthdpdir set to xst


Total REAL time to Xst completion: 0.00 secs
Total CPU time to Xst completion: 0.10 secs
 
--> Reading design: TemperatureCalculator.prj

TABLE OF CONTENTS
  1) Synthesis Options Summary
  2) HDL Parsing
  3) HDL Elaboration
  4) HDL Synthesis
       4.1) HDL Synthesis Report
  5) Advanced HDL Synthesis
       5.1) Advanced HDL Synthesis Report
  6) Low Level Synthesis
  7) Partition Report
  8) Design Summary
       8.1) Primitive and Black Box Usage
       8.2) Device utilization summary
       8.3) Partition Resource Summary
       8.4) Timing Report
            8.4.1) Clock Information
            8.4.2) Asynchronous Control Signals Information
            8.4.3) Timing Summary
            8.4.4) Timing Details
            8.4.5) Cross Clock Domains Report


=========================================================================
*                      Synthesis Options Summary                        *
=========================================================================
---- Source Parameters
Input File Name                    : "TemperatureCalculator.prj"
Ignore Synthesis Constraint File   : NO

---- Target Parameters
Output File Name                   : "TemperatureCalculator"
Output Format                      : NGC
Target Device                      : xc7z010-1-clg400

---- Source Options
Top Module Name                    : TemperatureCalculator
Automatic FSM Extraction           : YES
FSM Encoding Algorithm             : Auto
Safe Implementation                : No
FSM Style                          : LUT
RAM Extraction                     : Yes
RAM Style                          : Auto
ROM Extraction                     : Yes
Shift Register Extraction          : YES
ROM Style                          : Auto
Resource Sharing                   : YES
Asynchronous To Synchronous        : NO
Shift Register Minimum Size        : 2
Use DSP Block                      : Auto
Automatic Register Balancing       : No

---- Target Options
LUT Combining                      : Auto
Reduce Control Sets                : Auto
Add IO Buffers                     : YES
Global Maximum Fanout              : 100000
Add Generic Clock Buffer(BUFG)     : 32
Register Duplication               : YES
Optimize Instantiated Primitives   : NO
Use Clock Enable                   : Auto
Use Synchronous Set                : Auto
Use Synchronous Reset              : Auto
Pack IO Registers into IOBs        : Auto
Equivalent register Removal        : YES

---- General Options
Optimization Goal                  : Speed
Optimization Effort                : 1
Power Reduction                    : NO
Keep Hierarchy                     : No
Netlist Hierarchy                  : As_Optimized
RTL Output                         : Yes
Global Optimization                : AllClockNets
Read Cores                         : YES
Write Timing Constraints           : NO
Cross Clock Analysis               : NO
Hierarchy Separator                : /
Bus Delimiter                      : <>
Case Specifier                     : Maintain
Slice Utilization Ratio            : 100
BRAM Utilization Ratio             : 100
DSP48 Utilization Ratio            : 100
Auto BRAM Packing                  : NO
Slice Utilization Ratio Delta      : 5

=========================================================================


=========================================================================
*                          HDL Parsing                                  *
=========================================================================
Analyzing Verilog file "C:\Users\venus\Desktop\uni2\3rd_SEMESTER\madar mantegh\FinalProject\Module1\Multiplier8x8.v" into library work
Parsing module <Multiplier8x8>.
Analyzing Verilog file "C:\Users\venus\Desktop\uni2\3rd_SEMESTER\madar mantegh\FinalProject\Module1\Multiplier16x16.v" into library work
Parsing module <Multiplier16x16>.
Analyzing Verilog file "C:\Users\venus\Desktop\uni2\3rd_SEMESTER\madar mantegh\FinalProject\Module1\AdderSubtractor32bit.v" into library work
Parsing module <AdderSubtractor32bit>.
Analyzing Verilog file "C:\Users\venus\Desktop\uni2\3rd_SEMESTER\madar mantegh\FinalProject\Module1\TemperatureCalculator.v" into library work
Parsing module <TemperatureCalculator>.

=========================================================================
*                            HDL Elaboration                            *
=========================================================================

Elaborating module <TemperatureCalculator>.

Elaborating module <Multiplier8x8>.

Elaborating module <Multiplier16x16>.

Elaborating module <AdderSubtractor32bit>.

=========================================================================
*                           HDL Synthesis                               *
=========================================================================

Synthesizing Unit <TemperatureCalculator>.
    Related source file is "C:\Users\venus\Desktop\uni2\3rd_SEMESTER\madar mantegh\FinalProject\Module1\TemperatureCalculator.v".
    Summary:
	no macro.
Unit <TemperatureCalculator> synthesized.

Synthesizing Unit <Multiplier8x8>.
    Related source file is "C:\Users\venus\Desktop\uni2\3rd_SEMESTER\madar mantegh\FinalProject\Module1\Multiplier8x8.v".
    Found 8x8-bit multiplier for signal <P> created at line 17.
    Summary:
	inferred   1 Multiplier(s).
Unit <Multiplier8x8> synthesized.

Synthesizing Unit <Multiplier16x16>.
    Related source file is "C:\Users\venus\Desktop\uni2\3rd_SEMESTER\madar mantegh\FinalProject\Module1\Multiplier16x16.v".
    Found 16x16-bit multiplier for signal <P> created at line 18.
    Summary:
	inferred   1 Multiplier(s).
Unit <Multiplier16x16> synthesized.

Synthesizing Unit <AdderSubtractor32bit>.
    Related source file is "C:\Users\venus\Desktop\uni2\3rd_SEMESTER\madar mantegh\FinalProject\Module1\AdderSubtractor32bit.v".
    Found 32-bit subtractor for signal <A[31]_B[31]_sub_1_OUT> created at line 19.
    Found 32-bit adder for signal <A[31]_B[31]_add_1_OUT> created at line 19.
    Summary:
	inferred   1 Adder/Subtractor(s).
Unit <AdderSubtractor32bit> synthesized.

=========================================================================
HDL Synthesis Report

Macro Statistics
# Multipliers                                          : 2
 16x16-bit multiplier                                  : 1
 8x8-bit multiplier                                    : 1
# Adders/Subtractors                                   : 1
 32-bit addsub                                         : 1

=========================================================================

=========================================================================
*                       Advanced HDL Synthesis                          *
=========================================================================


=========================================================================
Advanced HDL Synthesis Report

Macro Statistics
# Multipliers                                          : 2
 16x16-bit multiplier                                  : 1
 8x8-bit multiplier                                    : 1
# Adders/Subtractors                                   : 1
 32-bit addsub                                         : 1

=========================================================================

=========================================================================
*                         Low Level Synthesis                           *
=========================================================================

Optimizing unit <TemperatureCalculator> ...

Mapping all equations...
Building and optimizing final netlist ...
Found area constraint ratio of 100 (+ 5) on block TemperatureCalculator, actual ratio is 0.

Final Macro Processing ...

=========================================================================
Final Register Report

Found no macro
=========================================================================

=========================================================================
*                           Partition Report                            *
=========================================================================

Partition Implementation Status
-------------------------------

  No Partitions were found in this design.

-------------------------------

=========================================================================
*                            Design Summary                             *
=========================================================================

Top Level Output File Name         : TemperatureCalculator.ngc

Primitive and Black Box Usage:
------------------------------
# BELS                             : 97
#      GND                         : 1
#      LUT2                        : 6
#      LUT3                        : 26
#      MUXCY                       : 31
#      VCC                         : 1
#      XORCY                       : 32
# IO Buffers                       : 88
#      IBUF                        : 56
#      OBUF                        : 32
# DSPs                             : 2
#      DSP48E1                     : 2

Device utilization summary:
---------------------------

Selected Device : 7z010clg400-1 


Slice Logic Utilization: 
 Number of Slice LUTs:                   32  out of  17600     0%  
    Number used as Logic:                32  out of  17600     0%  

Slice Logic Distribution: 
 Number of LUT Flip Flop pairs used:     32
   Number with an unused Flip Flop:      32  out of     32   100%  
   Number with an unused LUT:             0  out of     32     0%  
   Number of fully used LUT-FF pairs:     0  out of     32     0%  
   Number of unique control sets:         0

IO Utilization: 
 Number of IOs:                          88
 Number of bonded IOBs:                  88  out of    100    88%  

Specific Feature Utilization:
 Number of DSP48E1s:                      2  out of     80     2%  

---------------------------
Partition Resource Summary:
---------------------------

  No Partitions were found in this design.

---------------------------


=========================================================================
Timing Report

NOTE: THESE TIMING NUMBERS ARE ONLY A SYNTHESIS ESTIMATE.
      FOR ACCURATE TIMING INFORMATION PLEASE REFER TO THE TRACE REPORT
      GENERATED AFTER PLACE-and-ROUTE.

Clock Information:
------------------
No clock signals found in this design

Asynchronous Control Signals Information:
----------------------------------------
No asynchronous control signals found in this design

Timing Summary:
---------------
Speed Grade: -1

   Minimum period: No path found
   Minimum input arrival time before clock: No path found
   Maximum output required time after clock: No path found
   Maximum combinational path delay: 10.299ns

Timing Details:
---------------
All values displayed in nanoseconds (ns)

=========================================================================
Timing constraint: Default path analysis
  Total number of paths / destination ports: 138981 / 32
-------------------------------------------------------------------------
Delay:               10.299ns (Levels of Logic = 37)
  Source:            tc_ref<7> (PAD)
  Destination:       tempc<31> (PAD)

  Data Path: tc_ref<7> to tempc<31>
                                Gate     Net
    Cell:in->out      fanout   Delay   Delay  Logical Name (Net Name)
    ----------------------------------------  ------------
     IBUF:I->O             2   0.000   0.405  tc_ref_7_IBUF (tc_ref_7_IBUF)
     DSP48E1:A7->P15       1   3.841   0.399  m1/Mmult_P (w1<15>)
     DSP48E1:B15->P6       1   3.656   0.485  m2/Mmult_P (w2<6>)
     LUT3:I1->O            1   0.053   0.000  s1/Maddsub_S_lut<0> (s1/Maddsub_S_lut<0>)
     MUXCY:S->O            1   0.291   0.000  s1/Maddsub_S_cy<0> (s1/Maddsub_S_cy<0>)
     MUXCY:CI->O           1   0.015   0.000  s1/Maddsub_S_cy<1> (s1/Maddsub_S_cy<1>)
     MUXCY:CI->O           1   0.015   0.000  s1/Maddsub_S_cy<2> (s1/Maddsub_S_cy<2>)
     MUXCY:CI->O           1   0.015   0.000  s1/Maddsub_S_cy<3> (s1/Maddsub_S_cy<3>)
     MUXCY:CI->O           1   0.015   0.000  s1/Maddsub_S_cy<4> (s1/Maddsub_S_cy<4>)
     MUXCY:CI->O           1   0.015   0.000  s1/Maddsub_S_cy<5> (s1/Maddsub_S_cy<5>)
     MUXCY:CI->O           1   0.015   0.000  s1/Maddsub_S_cy<6> (s1/Maddsub_S_cy<6>)
     MUXCY:CI->O           1   0.015   0.000  s1/Maddsub_S_cy<7> (s1/Maddsub_S_cy<7>)
     MUXCY:CI->O           1   0.015   0.000  s1/Maddsub_S_cy<8> (s1/Maddsub_S_cy<8>)
     MUXCY:CI->O           1   0.015   0.000  s1/Maddsub_S_cy<9> (s1/Maddsub_S_cy<9>)
     MUXCY:CI->O           1   0.015   0.000  s1/Maddsub_S_cy<10> (s1/Maddsub_S_cy<10>)
     MUXCY:CI->O           1   0.015   0.000  s1/Maddsub_S_cy<11> (s1/Maddsub_S_cy<11>)
     MUXCY:CI->O           1   0.015   0.000  s1/Maddsub_S_cy<12> (s1/Maddsub_S_cy<12>)
     MUXCY:CI->O           1   0.015   0.000  s1/Maddsub_S_cy<13> (s1/Maddsub_S_cy<13>)
     MUXCY:CI->O           1   0.015   0.000  s1/Maddsub_S_cy<14> (s1/Maddsub_S_cy<14>)
     MUXCY:CI->O           1   0.015   0.000  s1/Maddsub_S_cy<15> (s1/Maddsub_S_cy<15>)
     MUXCY:CI->O           1   0.015   0.000  s1/Maddsub_S_cy<16> (s1/Maddsub_S_cy<16>)
     MUXCY:CI->O           1   0.015   0.000  s1/Maddsub_S_cy<17> (s1/Maddsub_S_cy<17>)
     MUXCY:CI->O           1   0.015   0.000  s1/Maddsub_S_cy<18> (s1/Maddsub_S_cy<18>)
     MUXCY:CI->O           1   0.015   0.000  s1/Maddsub_S_cy<19> (s1/Maddsub_S_cy<19>)
     MUXCY:CI->O           1   0.015   0.000  s1/Maddsub_S_cy<20> (s1/Maddsub_S_cy<20>)
     MUXCY:CI->O           1   0.015   0.000  s1/Maddsub_S_cy<21> (s1/Maddsub_S_cy<21>)
     MUXCY:CI->O           1   0.015   0.000  s1/Maddsub_S_cy<22> (s1/Maddsub_S_cy<22>)
     MUXCY:CI->O           1   0.015   0.000  s1/Maddsub_S_cy<23> (s1/Maddsub_S_cy<23>)
     MUXCY:CI->O           1   0.015   0.000  s1/Maddsub_S_cy<24> (s1/Maddsub_S_cy<24>)
     MUXCY:CI->O           1   0.015   0.000  s1/Maddsub_S_cy<25> (s1/Maddsub_S_cy<25>)
     MUXCY:CI->O           1   0.015   0.000  s1/Maddsub_S_cy<26> (s1/Maddsub_S_cy<26>)
     MUXCY:CI->O           1   0.015   0.000  s1/Maddsub_S_cy<27> (s1/Maddsub_S_cy<27>)
     MUXCY:CI->O           1   0.015   0.000  s1/Maddsub_S_cy<28> (s1/Maddsub_S_cy<28>)
     MUXCY:CI->O           1   0.015   0.000  s1/Maddsub_S_cy<29> (s1/Maddsub_S_cy<29>)
     MUXCY:CI->O           0   0.015   0.000  s1/Maddsub_S_cy<30> (s1/Maddsub_S_cy<30>)
     XORCY:CI->O           1   0.320   0.399  s1/Maddsub_S_xor<31> (tempc_31_OBUF)
     OBUF:I->O                 0.000          tempc_31_OBUF (tempc<31>)
    ----------------------------------------
    Total                     10.299ns (8.611ns logic, 1.688ns route)
                                       (83.6% logic, 16.4% route)

=========================================================================

Cross Clock Domains Report:
--------------------------

=========================================================================


Total REAL time to Xst completion: 6.00 secs
Total CPU time to Xst completion: 6.45 secs
 
--> 

Total memory usage is 4696548 kilobytes

Number of errors   :    0 (   0 filtered)
Number of warnings :    0 (   0 filtered)
Number of infos    :    0 (   0 filtered)

